c:\users\ashwin rajan\documents\visual studio 2012\projects\connect4\connect4\debug\resultwindow.obj
c:\users\ashwin rajan\documents\visual studio 2012\projects\connect4\connect4\debug\mainwindow.obj
c:\users\ashwin rajan\documents\visual studio 2012\projects\connect4\connect4\debug\main.obj
c:\users\ashwin rajan\documents\visual studio 2012\projects\connect4\connect4\debug\leaderboard.obj
c:\users\ashwin rajan\documents\visual studio 2012\projects\connect4\connect4\debug\instructions.obj
c:\users\ashwin rajan\documents\visual studio 2012\projects\connect4\connect4\debug\board.obj
c:\users\ashwin rajan\documents\visual studio 2012\projects\connect4\connect4\debug\moc_resultwindow.obj
c:\users\ashwin rajan\documents\visual studio 2012\projects\connect4\connect4\debug\moc_mainwindow.obj
c:\users\ashwin rajan\documents\visual studio 2012\projects\connect4\connect4\debug\moc_leaderboard.obj
c:\users\ashwin rajan\documents\visual studio 2012\projects\connect4\connect4\debug\moc_instructions.obj
c:\users\ashwin rajan\documents\visual studio 2012\projects\connect4\connect4\debug\moc_board.obj
c:\users\ashwin rajan\documents\visual studio 2012\projects\connect4\connect4\debug\vc110.pdb
c:\users\ashwin rajan\documents\visual studio 2012\projects\connect4\connect4\debug\qrc_images.obj
c:\users\ashwin rajan\documents\visual studio 2012\projects\connect4\connect4\debug\qrc_sounds.obj
c:\users\ashwin rajan\documents\visual studio 2012\projects\connect4\connect4\generatedfiles\debug\moc_mainwindow.cpp
c:\users\ashwin rajan\documents\visual studio 2012\projects\connect4\connect4\generatedfiles\ui_mainwindow.h
c:\users\ashwin rajan\documents\visual studio 2012\projects\connect4\connect4\generatedfiles\debug\moc_resultwindow.cpp
c:\users\ashwin rajan\documents\visual studio 2012\projects\connect4\connect4\generatedfiles\debug\moc_instructions.cpp
c:\users\ashwin rajan\documents\visual studio 2012\projects\connect4\connect4\generatedfiles\debug\moc_leaderboard.cpp
c:\users\ashwin rajan\documents\visual studio 2012\projects\connect4\connect4\generatedfiles\debug\moc_board.cpp
c:\users\ashwin rajan\documents\visual studio 2012\projects\connect4\connect4\generatedfiles\qrc_images.cpp
c:\users\ashwin rajan\documents\visual studio 2012\projects\connect4\connect4\generatedfiles\ui_instructions.h
c:\users\ashwin rajan\documents\visual studio 2012\projects\connect4\connect4\generatedfiles\ui_leaderboard.h
c:\users\ashwin rajan\documents\visual studio 2012\projects\connect4\connect4\generatedfiles\ui_board.h
c:\users\ashwin rajan\documents\visual studio 2012\projects\connect4\connect4\generatedfiles\qrc_sounds.cpp
c:\users\ashwin rajan\documents\visual studio 2012\projects\connect4\connect4\generatedfiles\ui_resultwindow.h
c:\users\ashwin rajan\documents\visual studio 2012\projects\connect4\win32\debug\connect4.ilk
c:\users\ashwin rajan\documents\visual studio 2012\projects\connect4\win32\debug\connect4.exe
c:\users\ashwin rajan\documents\visual studio 2012\projects\connect4\win32\debug\connect4.pdb
c:\users\ashwin rajan\documents\visual studio 2012\projects\connect4\connect4\debug\connect4.res
c:\users\gaurav\documents\visual studio 2013\projects\connect4\connect4\debug\vc120.pdb
c:\users\gaurav\documents\visual studio 2013\projects\connect4\connect4\debug\resultwindow.obj
c:\users\gaurav\documents\visual studio 2013\projects\connect4\connect4\debug\mainwindow.obj
c:\users\gaurav\documents\visual studio 2013\projects\connect4\connect4\debug\main.obj
c:\users\gaurav\documents\visual studio 2013\projects\connect4\connect4\debug\leaderboard.obj
c:\users\gaurav\documents\visual studio 2013\projects\connect4\connect4\debug\instructions.obj
c:\users\gaurav\documents\visual studio 2013\projects\connect4\connect4\debug\moc_resultwindow.obj
c:\users\gaurav\documents\visual studio 2013\projects\connect4\connect4\debug\moc_mainwindow.obj
c:\users\gaurav\documents\visual studio 2013\projects\connect4\connect4\debug\moc_leaderboard.obj
c:\users\gaurav\documents\visual studio 2013\projects\connect4\connect4\debug\moc_instructions.obj
c:\users\gaurav\documents\visual studio 2013\projects\connect4\connect4\debug\moc_board.obj
c:\users\gaurav\documents\visual studio 2013\projects\connect4\connect4\debug\board.obj
c:\users\gaurav\documents\visual studio 2013\projects\connect4\connect4\debug\qrc_sounds.obj
c:\users\gaurav\documents\visual studio 2013\projects\connect4\connect4\debug\qrc_images.obj
c:\users\gaurav\documents\visual studio 2013\projects\connect4\connect4\generatedfiles\debug\moc_mainwindow.cpp
c:\users\gaurav\documents\visual studio 2013\projects\connect4\connect4\generatedfiles\ui_mainwindow.h
c:\users\gaurav\documents\visual studio 2013\projects\connect4\connect4\generatedfiles\debug\moc_resultwindow.cpp
c:\users\gaurav\documents\visual studio 2013\projects\connect4\connect4\generatedfiles\debug\moc_instructions.cpp
c:\users\gaurav\documents\visual studio 2013\projects\connect4\connect4\generatedfiles\debug\moc_leaderboard.cpp
c:\users\gaurav\documents\visual studio 2013\projects\connect4\connect4\generatedfiles\debug\moc_board.cpp
c:\users\gaurav\documents\visual studio 2013\projects\connect4\connect4\generatedfiles\qrc_images.cpp
c:\users\gaurav\documents\visual studio 2013\projects\connect4\connect4\generatedfiles\ui_instructions.h
c:\users\gaurav\documents\visual studio 2013\projects\connect4\connect4\generatedfiles\ui_leaderboard.h
c:\users\gaurav\documents\visual studio 2013\projects\connect4\connect4\generatedfiles\ui_board.h
c:\users\gaurav\documents\visual studio 2013\projects\connect4\connect4\generatedfiles\qrc_sounds.cpp
c:\users\gaurav\documents\visual studio 2013\projects\connect4\connect4\generatedfiles\ui_resultwindow.h
c:\users\gaurav\documents\visual studio 2013\projects\connect4\connect4\debug\connect4.res
c:\users\gaurav\documents\visual studio 2013\projects\connect4\connect4\debug\cl.command.1.tlog
c:\users\gaurav\documents\visual studio 2013\projects\connect4\connect4\debug\cl.read.1.tlog
c:\users\gaurav\documents\visual studio 2013\projects\connect4\connect4\debug\cl.write.1.tlog
c:\users\gaurav\documents\visual studio 2013\projects\connect4\connect4\debug\custombuild.command.1.tlog
c:\users\gaurav\documents\visual studio 2013\projects\connect4\connect4\debug\custombuild.read.1.tlog
c:\users\gaurav\documents\visual studio 2013\projects\connect4\connect4\debug\custombuild.write.1.tlog
c:\users\gaurav\documents\visual studio 2013\projects\connect4\connect4\debug\link-cvtres.read.1.tlog
c:\users\gaurav\documents\visual studio 2013\projects\connect4\connect4\debug\link-cvtres.write.1.tlog
c:\users\gaurav\documents\visual studio 2013\projects\connect4\connect4\debug\link-rc.read.1.tlog
c:\users\gaurav\documents\visual studio 2013\projects\connect4\connect4\debug\link-rc.write.1.tlog
c:\users\gaurav\documents\visual studio 2013\projects\connect4\connect4\debug\link.1344-cvtres.read.1.tlog
c:\users\gaurav\documents\visual studio 2013\projects\connect4\connect4\debug\link.1344-cvtres.write.1.tlog
c:\users\gaurav\documents\visual studio 2013\projects\connect4\connect4\debug\link.1344-rc.read.1.tlog
c:\users\gaurav\documents\visual studio 2013\projects\connect4\connect4\debug\link.1344-rc.write.1.tlog
c:\users\gaurav\documents\visual studio 2013\projects\connect4\connect4\debug\link.1344.read.1.tlog
c:\users\gaurav\documents\visual studio 2013\projects\connect4\connect4\debug\link.1344.write.1.tlog
c:\users\gaurav\documents\visual studio 2013\projects\connect4\connect4\debug\link.13700-cvtres.read.1.tlog
c:\users\gaurav\documents\visual studio 2013\projects\connect4\connect4\debug\link.13700-cvtres.write.1.tlog
c:\users\gaurav\documents\visual studio 2013\projects\connect4\connect4\debug\link.13700-rc.read.1.tlog
c:\users\gaurav\documents\visual studio 2013\projects\connect4\connect4\debug\link.13700-rc.write.1.tlog
c:\users\gaurav\documents\visual studio 2013\projects\connect4\connect4\debug\link.13700.read.1.tlog
c:\users\gaurav\documents\visual studio 2013\projects\connect4\connect4\debug\link.13700.write.1.tlog
c:\users\gaurav\documents\visual studio 2013\projects\connect4\connect4\debug\link.13780-cvtres.read.1.tlog
c:\users\gaurav\documents\visual studio 2013\projects\connect4\connect4\debug\link.13780-cvtres.write.1.tlog
c:\users\gaurav\documents\visual studio 2013\projects\connect4\connect4\debug\link.13780-rc.read.1.tlog
c:\users\gaurav\documents\visual studio 2013\projects\connect4\connect4\debug\link.13780-rc.write.1.tlog
c:\users\gaurav\documents\visual studio 2013\projects\connect4\connect4\debug\link.13780.read.1.tlog
c:\users\gaurav\documents\visual studio 2013\projects\connect4\connect4\debug\link.13780.write.1.tlog
c:\users\gaurav\documents\visual studio 2013\projects\connect4\connect4\debug\link.14812-cvtres.read.1.tlog
c:\users\gaurav\documents\visual studio 2013\projects\connect4\connect4\debug\link.14812-cvtres.write.1.tlog
c:\users\gaurav\documents\visual studio 2013\projects\connect4\connect4\debug\link.14812-rc.read.1.tlog
c:\users\gaurav\documents\visual studio 2013\projects\connect4\connect4\debug\link.14812-rc.write.1.tlog
c:\users\gaurav\documents\visual studio 2013\projects\connect4\connect4\debug\link.14812.read.1.tlog
c:\users\gaurav\documents\visual studio 2013\projects\connect4\connect4\debug\link.14812.write.1.tlog
c:\users\gaurav\documents\visual studio 2013\projects\connect4\connect4\debug\link.14980-cvtres.read.1.tlog
c:\users\gaurav\documents\visual studio 2013\projects\connect4\connect4\debug\link.14980-cvtres.write.1.tlog
c:\users\gaurav\documents\visual studio 2013\projects\connect4\connect4\debug\link.14980-rc.read.1.tlog
c:\users\gaurav\documents\visual studio 2013\projects\connect4\connect4\debug\link.14980-rc.write.1.tlog
c:\users\gaurav\documents\visual studio 2013\projects\connect4\connect4\debug\link.14980.read.1.tlog
c:\users\gaurav\documents\visual studio 2013\projects\connect4\connect4\debug\link.14980.write.1.tlog
c:\users\gaurav\documents\visual studio 2013\projects\connect4\connect4\debug\link.1752-cvtres.read.1.tlog
c:\users\gaurav\documents\visual studio 2013\projects\connect4\connect4\debug\link.1752-cvtres.write.1.tlog
c:\users\gaurav\documents\visual studio 2013\projects\connect4\connect4\debug\link.1752-rc.read.1.tlog
c:\users\gaurav\documents\visual studio 2013\projects\connect4\connect4\debug\link.1752-rc.write.1.tlog
c:\users\gaurav\documents\visual studio 2013\projects\connect4\connect4\debug\link.1752.read.1.tlog
c:\users\gaurav\documents\visual studio 2013\projects\connect4\connect4\debug\link.1752.write.1.tlog
c:\users\gaurav\documents\visual studio 2013\projects\connect4\connect4\debug\link.3736-cvtres.read.1.tlog
c:\users\gaurav\documents\visual studio 2013\projects\connect4\connect4\debug\link.3736-cvtres.write.1.tlog
c:\users\gaurav\documents\visual studio 2013\projects\connect4\connect4\debug\link.3736-rc.read.1.tlog
c:\users\gaurav\documents\visual studio 2013\projects\connect4\connect4\debug\link.3736-rc.write.1.tlog
c:\users\gaurav\documents\visual studio 2013\projects\connect4\connect4\debug\link.3736.read.1.tlog
c:\users\gaurav\documents\visual studio 2013\projects\connect4\connect4\debug\link.3736.write.1.tlog
c:\users\gaurav\documents\visual studio 2013\projects\connect4\connect4\debug\link.3756-cvtres.read.1.tlog
c:\users\gaurav\documents\visual studio 2013\projects\connect4\connect4\debug\link.3756-cvtres.write.1.tlog
c:\users\gaurav\documents\visual studio 2013\projects\connect4\connect4\debug\link.3756-rc.read.1.tlog
c:\users\gaurav\documents\visual studio 2013\projects\connect4\connect4\debug\link.3756-rc.write.1.tlog
c:\users\gaurav\documents\visual studio 2013\projects\connect4\connect4\debug\link.3756.read.1.tlog
c:\users\gaurav\documents\visual studio 2013\projects\connect4\connect4\debug\link.3756.write.1.tlog
c:\users\gaurav\documents\visual studio 2013\projects\connect4\connect4\debug\link.3836-cvtres.read.1.tlog
c:\users\gaurav\documents\visual studio 2013\projects\connect4\connect4\debug\link.3836-cvtres.write.1.tlog
c:\users\gaurav\documents\visual studio 2013\projects\connect4\connect4\debug\link.3836-rc.read.1.tlog
c:\users\gaurav\documents\visual studio 2013\projects\connect4\connect4\debug\link.3836-rc.write.1.tlog
c:\users\gaurav\documents\visual studio 2013\projects\connect4\connect4\debug\link.3836.read.1.tlog
c:\users\gaurav\documents\visual studio 2013\projects\connect4\connect4\debug\link.3836.write.1.tlog
c:\users\gaurav\documents\visual studio 2013\projects\connect4\connect4\debug\link.4900-cvtres.read.1.tlog
c:\users\gaurav\documents\visual studio 2013\projects\connect4\connect4\debug\link.4900-cvtres.write.1.tlog
c:\users\gaurav\documents\visual studio 2013\projects\connect4\connect4\debug\link.4900-rc.read.1.tlog
c:\users\gaurav\documents\visual studio 2013\projects\connect4\connect4\debug\link.4900-rc.write.1.tlog
c:\users\gaurav\documents\visual studio 2013\projects\connect4\connect4\debug\link.4900.read.1.tlog
c:\users\gaurav\documents\visual studio 2013\projects\connect4\connect4\debug\link.4900.write.1.tlog
c:\users\gaurav\documents\visual studio 2013\projects\connect4\connect4\debug\link.6812-cvtres.read.1.tlog
c:\users\gaurav\documents\visual studio 2013\projects\connect4\connect4\debug\link.6812-cvtres.write.1.tlog
c:\users\gaurav\documents\visual studio 2013\projects\connect4\connect4\debug\link.6812-rc.read.1.tlog
c:\users\gaurav\documents\visual studio 2013\projects\connect4\connect4\debug\link.6812-rc.write.1.tlog
c:\users\gaurav\documents\visual studio 2013\projects\connect4\connect4\debug\link.6812.read.1.tlog
c:\users\gaurav\documents\visual studio 2013\projects\connect4\connect4\debug\link.6812.write.1.tlog
c:\users\gaurav\documents\visual studio 2013\projects\connect4\connect4\debug\link.7244-cvtres.read.1.tlog
c:\users\gaurav\documents\visual studio 2013\projects\connect4\connect4\debug\link.7244-cvtres.write.1.tlog
c:\users\gaurav\documents\visual studio 2013\projects\connect4\connect4\debug\link.7244-rc.read.1.tlog
c:\users\gaurav\documents\visual studio 2013\projects\connect4\connect4\debug\link.7244-rc.write.1.tlog
c:\users\gaurav\documents\visual studio 2013\projects\connect4\connect4\debug\link.7244.read.1.tlog
c:\users\gaurav\documents\visual studio 2013\projects\connect4\connect4\debug\link.7244.write.1.tlog
c:\users\gaurav\documents\visual studio 2013\projects\connect4\connect4\debug\link.7368-cvtres.read.1.tlog
c:\users\gaurav\documents\visual studio 2013\projects\connect4\connect4\debug\link.7368-cvtres.write.1.tlog
c:\users\gaurav\documents\visual studio 2013\projects\connect4\connect4\debug\link.7368-rc.read.1.tlog
c:\users\gaurav\documents\visual studio 2013\projects\connect4\connect4\debug\link.7368-rc.write.1.tlog
c:\users\gaurav\documents\visual studio 2013\projects\connect4\connect4\debug\link.7368.read.1.tlog
c:\users\gaurav\documents\visual studio 2013\projects\connect4\connect4\debug\link.7368.write.1.tlog
c:\users\gaurav\documents\visual studio 2013\projects\connect4\connect4\debug\link.7872-cvtres.read.1.tlog
c:\users\gaurav\documents\visual studio 2013\projects\connect4\connect4\debug\link.7872-cvtres.write.1.tlog
c:\users\gaurav\documents\visual studio 2013\projects\connect4\connect4\debug\link.7872-rc.read.1.tlog
c:\users\gaurav\documents\visual studio 2013\projects\connect4\connect4\debug\link.7872-rc.write.1.tlog
c:\users\gaurav\documents\visual studio 2013\projects\connect4\connect4\debug\link.7872.read.1.tlog
c:\users\gaurav\documents\visual studio 2013\projects\connect4\connect4\debug\link.7872.write.1.tlog
c:\users\gaurav\documents\visual studio 2013\projects\connect4\connect4\debug\link.8556-cvtres.read.1.tlog
c:\users\gaurav\documents\visual studio 2013\projects\connect4\connect4\debug\link.8556-cvtres.write.1.tlog
c:\users\gaurav\documents\visual studio 2013\projects\connect4\connect4\debug\link.8556-rc.read.1.tlog
c:\users\gaurav\documents\visual studio 2013\projects\connect4\connect4\debug\link.8556-rc.write.1.tlog
c:\users\gaurav\documents\visual studio 2013\projects\connect4\connect4\debug\link.8556.read.1.tlog
c:\users\gaurav\documents\visual studio 2013\projects\connect4\connect4\debug\link.8556.write.1.tlog
c:\users\gaurav\documents\visual studio 2013\projects\connect4\connect4\debug\link.8560-cvtres.read.1.tlog
c:\users\gaurav\documents\visual studio 2013\projects\connect4\connect4\debug\link.8560-cvtres.write.1.tlog
c:\users\gaurav\documents\visual studio 2013\projects\connect4\connect4\debug\link.8560-rc.read.1.tlog
c:\users\gaurav\documents\visual studio 2013\projects\connect4\connect4\debug\link.8560-rc.write.1.tlog
c:\users\gaurav\documents\visual studio 2013\projects\connect4\connect4\debug\link.8560.read.1.tlog
c:\users\gaurav\documents\visual studio 2013\projects\connect4\connect4\debug\link.8560.write.1.tlog
c:\users\gaurav\documents\visual studio 2013\projects\connect4\connect4\debug\link.9180-cvtres.read.1.tlog
c:\users\gaurav\documents\visual studio 2013\projects\connect4\connect4\debug\link.9180-cvtres.write.1.tlog
c:\users\gaurav\documents\visual studio 2013\projects\connect4\connect4\debug\link.9180-rc.read.1.tlog
c:\users\gaurav\documents\visual studio 2013\projects\connect4\connect4\debug\link.9180-rc.write.1.tlog
c:\users\gaurav\documents\visual studio 2013\projects\connect4\connect4\debug\link.9180.read.1.tlog
c:\users\gaurav\documents\visual studio 2013\projects\connect4\connect4\debug\link.9180.write.1.tlog
c:\users\gaurav\documents\visual studio 2013\projects\connect4\connect4\debug\link.9744-cvtres.read.1.tlog
c:\users\gaurav\documents\visual studio 2013\projects\connect4\connect4\debug\link.9744-cvtres.write.1.tlog
c:\users\gaurav\documents\visual studio 2013\projects\connect4\connect4\debug\link.9744-rc.read.1.tlog
c:\users\gaurav\documents\visual studio 2013\projects\connect4\connect4\debug\link.9744-rc.write.1.tlog
c:\users\gaurav\documents\visual studio 2013\projects\connect4\connect4\debug\link.9744.read.1.tlog
c:\users\gaurav\documents\visual studio 2013\projects\connect4\connect4\debug\link.9744.write.1.tlog
c:\users\gaurav\documents\visual studio 2013\projects\connect4\connect4\debug\link.command.1.tlog
c:\users\gaurav\documents\visual studio 2013\projects\connect4\connect4\debug\link.read.1.tlog
c:\users\gaurav\documents\visual studio 2013\projects\connect4\connect4\debug\link.write.1.tlog
c:\users\gaurav\documents\visual studio 2013\projects\connect4\connect4\debug\rc.command.1.tlog
c:\users\gaurav\documents\visual studio 2013\projects\connect4\connect4\debug\rc.read.1.tlog
c:\users\gaurav\documents\visual studio 2013\projects\connect4\connect4\debug\rc.write.1.tlog
c:\users\gaurav\documents\visual studio 2013\projects\connect4\connect4\debug\vc110.pdb
c:\users\gaurav\documents\visual studio 2013\projects\connect4\win32\debug\connect4.pdb
c:\users\gaurav\documents\visual studio 2013\projects\connect4\connect4\debug\connect4.tlog\cl.command.1.tlog
c:\users\gaurav\documents\visual studio 2013\projects\connect4\connect4\debug\connect4.tlog\cl.read.1.tlog
c:\users\gaurav\documents\visual studio 2013\projects\connect4\connect4\debug\connect4.tlog\cl.write.1.tlog
c:\users\gaurav\documents\visual studio 2013\projects\connect4\connect4\debug\connect4.tlog\custombuild.command.1.tlog
c:\users\gaurav\documents\visual studio 2013\projects\connect4\connect4\debug\connect4.tlog\custombuild.read.1.tlog
c:\users\gaurav\documents\visual studio 2013\projects\connect4\connect4\debug\connect4.tlog\custombuild.write.1.tlog
c:\users\gaurav\documents\visual studio 2013\projects\connect4\connect4\debug\connect4.tlog\link-cvtres.read.1.tlog
c:\users\gaurav\documents\visual studio 2013\projects\connect4\connect4\debug\connect4.tlog\link-cvtres.write.1.tlog
c:\users\gaurav\documents\visual studio 2013\projects\connect4\connect4\debug\connect4.tlog\link-rc.read.1.tlog
c:\users\gaurav\documents\visual studio 2013\projects\connect4\connect4\debug\connect4.tlog\link-rc.write.1.tlog
c:\users\gaurav\documents\visual studio 2013\projects\connect4\connect4\debug\connect4.tlog\link.command.1.tlog
c:\users\gaurav\documents\visual studio 2013\projects\connect4\connect4\debug\connect4.tlog\link.read.1.tlog
c:\users\gaurav\documents\visual studio 2013\projects\connect4\connect4\debug\connect4.tlog\link.write.1.tlog
c:\users\gaurav\documents\visual studio 2013\projects\connect4\connect4\debug\connect4.tlog\rc.command.1.tlog
c:\users\gaurav\documents\visual studio 2013\projects\connect4\connect4\debug\connect4.tlog\rc.read.1.tlog
c:\users\gaurav\documents\visual studio 2013\projects\connect4\connect4\debug\connect4.tlog\rc.write.1.tlog
