Build started 2017-03-20 8:30:31 PM.
     1>Project "C:\Users\Gaurav\Documents\Visual Studio 2013\Projects\Connect4\Connect4\Connect4.vcxproj" on node 2 (Build target(s)).
     1>C:\Program Files (x86)\MSBuild\Microsoft.Cpp\v4.0\V120\Microsoft.CppBuild.targets(935,5): warning MSB8027: Two or more files with the name of moc_board.cpp will produce outputs to the same location. This can lead to an incorrect build result.  The files involved are GeneratedFiles\Debug\moc_board.cpp, GeneratedFiles\Release\moc_board.cpp.
     1>C:\Program Files (x86)\MSBuild\Microsoft.Cpp\v4.0\V120\Microsoft.CppBuild.targets(935,5): warning MSB8027: Two or more files with the name of moc_instructions.cpp will produce outputs to the same location. This can lead to an incorrect build result.  The files involved are GeneratedFiles\Debug\moc_instructions.cpp, GeneratedFiles\Release\moc_instructions.cpp.
     1>C:\Program Files (x86)\MSBuild\Microsoft.Cpp\v4.0\V120\Microsoft.CppBuild.targets(935,5): warning MSB8027: Two or more files with the name of moc_leaderboard.cpp will produce outputs to the same location. This can lead to an incorrect build result.  The files involved are GeneratedFiles\Debug\moc_leaderboard.cpp, GeneratedFiles\Release\moc_leaderboard.cpp.
     1>C:\Program Files (x86)\MSBuild\Microsoft.Cpp\v4.0\V120\Microsoft.CppBuild.targets(935,5): warning MSB8027: Two or more files with the name of moc_mainwindow.cpp will produce outputs to the same location. This can lead to an incorrect build result.  The files involved are GeneratedFiles\Debug\moc_mainwindow.cpp, GeneratedFiles\Release\moc_mainwindow.cpp.
     1>C:\Program Files (x86)\MSBuild\Microsoft.Cpp\v4.0\V120\Microsoft.CppBuild.targets(935,5): warning MSB8027: Two or more files with the name of moc_resultwindow.cpp will produce outputs to the same location. This can lead to an incorrect build result.  The files involved are GeneratedFiles\Debug\moc_resultwindow.cpp, GeneratedFiles\Release\moc_resultwindow.cpp.
     1>Link:
         C:\Program Files (x86)\Microsoft Visual Studio 12.0\VC\bin\link.exe /ERRORREPORT:PROMPT /OUT:"C:\Users\Gaurav\Documents\Visual Studio 2013\Projects\Connect4\Win32\Debug\\Connect4.exe" /NOLOGO /LIBPATH:C:\Qt\5.5\msvc2012\lib qtmaind.lib Qt5Cored.lib Qt5Guid.lib Qt5Widgetsd.lib kernel32.lib user32.lib gdi32.lib winspool.lib comdlg32.lib advapi32.lib shell32.lib ole32.lib oleaut32.lib uuid.lib odbc32.lib odbccp32.lib /MANIFEST /MANIFESTUAC:"level='asInvoker' uiAccess='false'" /manifest:embed /DEBUG /PDB:"C:\Users\Gaurav\Documents\Visual Studio 2013\Projects\Connect4\Win32\Debug\Connect4.pdb" /SUBSYSTEM:WINDOWS /TLBID:1 /DYNAMICBASE /NXCOMPAT /IMPLIB:"C:\Users\Gaurav\Documents\Visual Studio 2013\Projects\Connect4\Win32\Debug\Connect4.lib" /MACHINE:X86 /SAFESEH Debug\Connect4.res
         Debug\board.obj
         Debug\moc_board.obj
         Debug\moc_instructions.obj
         Debug\moc_leaderboard.obj
         Debug\moc_mainwindow.obj
         Debug\moc_resultwindow.obj
         Debug\qrc_images.obj
         Debug\qrc_Sounds.obj
         Debug\instructions.obj
         Debug\leaderboard.obj
         Debug\main.obj
         Debug\mainwindow.obj
         Debug\resultwindow.obj
     1>qtmaind.lib(qtmain_win.obj) : error LNK2038: mismatch detected for '_MSC_VER': value '1700' doesn't match value '1800' in board.obj
     1>C:\Users\Gaurav\Documents\Visual Studio 2013\Projects\Connect4\Win32\Debug\\Connect4.exe : fatal error LNK1319: 1 mismatches detected
     1>Done Building Project "C:\Users\Gaurav\Documents\Visual Studio 2013\Projects\Connect4\Connect4\Connect4.vcxproj" (Build target(s)) -- FAILED.

Build FAILED.

Time Elapsed 00:00:00.40
